<?xml version="1.0" encoding="UTF-8"?>
<!-- Generated by org.testng.reporters.JUnitReportReporter -->
<testsuite hostname="Vast" failures="1" tests="1" name="com.ridecell.testcases.RepositoryFetching" time="5.158" errors="0" timestamp="25 Jun 2021 07:34:05 GMT">
  <testcase classname="com.ridecell.testcases.RepositoryFetching" name="RepositoryFetching" time="5.158">
    <failure message="Cannot read field &quot;value&quot; because &quot;anotherString&quot; is null" type="java.lang.NullPointerException">
      <![CDATA[java.lang.NullPointerException: Cannot read field "value" because "anotherString" is null
	at java.base/java.lang.String.compareTo(String.java:1214)
	at java.base/java.lang.String.compareTo(String.java:134)
	at java.base/java.util.Collections$ReverseComparator.compare(Collections.java:5296)
	at java.base/java.util.Collections$ReverseComparator.compare(Collections.java:5286)
	at java.base/java.util.TimSort.binarySort(TimSort.java:296)
	at java.base/java.util.TimSort.sort(TimSort.java:221)
	at java.base/java.util.Arrays.sort(Arrays.java:1306)
	at java.base/java.util.ArrayList.sort(ArrayList.java:1720)
	at java.base/java.util.Collections.sort(Collections.java:179)
	at com.ridecell.pages.repoListUI.FetchRepoName(repoListUI.java:77)
	at com.ridecell.testcases.RepositoryFetching.RepositoryFetching(RepositoryFetching.java:25)
	at java.base/jdk.internal.reflect.NativeMethodAccessorImpl.invoke0(Native Method)
	at java.base/jdk.internal.reflect.NativeMethodAccessorImpl.invoke(NativeMethodAccessorImpl.java:62)
	at java.base/jdk.internal.reflect.DelegatingMethodAccessorImpl.invoke(DelegatingMethodAccessorImpl.java:43)
	at java.base/java.lang.reflect.Method.invoke(Method.java:564)
	at org.testng.internal.MethodInvocationHelper.invokeMethod(MethodInvocationHelper.java:80)
	at org.testng.internal.Invoker.invokeMethod(Invoker.java:714)
	at org.testng.internal.Invoker.invokeTestMethod(Invoker.java:901)
	at org.testng.internal.Invoker.invokeTestMethods(Invoker.java:1231)
	at org.testng.internal.TestMethodWorker.invokeTestMethods(TestMethodWorker.java:127)
	at org.testng.internal.TestMethodWorker.run(TestMethodWorker.java:111)
	at java.base/java.util.concurrent.ThreadPoolExecutor.runWorker(ThreadPoolExecutor.java:1130)
	at java.base/java.util.concurrent.ThreadPoolExecutor$Worker.run(ThreadPoolExecutor.java:630)
	at java.base/java.lang.Thread.run(Thread.java:832)
]]>
    </failure>
  </testcase> <!-- RepositoryFetching -->
</testsuite> <!-- com.ridecell.testcases.RepositoryFetching -->
